[debug] [2024-04-13T06:20:20.370Z] ----------------------------------------------------------------------
[debug] [2024-04-13T06:20:20.372Z] Command:       C:\Program Files\nodejs\node.exe C:\Users\chodv\AppData\Roaming\npm\node_modules\firebase-tools\lib\bin\firebase.js init
[debug] [2024-04-13T06:20:20.373Z] CLI Version:   13.7.2
[debug] [2024-04-13T06:20:20.373Z] Platform:      win32
[debug] [2024-04-13T06:20:20.373Z] Node Version:  v20.12.2
[debug] [2024-04-13T06:20:20.373Z] Time:          Sat Apr 13 2024 11:50:20 GMT+0530 (India Standard Time)
[debug] [2024-04-13T06:20:20.373Z] ----------------------------------------------------------------------
[debug] 
[debug] [2024-04-13T06:20:20.378Z] > command requires scopes: ["email","openid","https://www.googleapis.com/auth/cloudplatformprojects.readonly","https://www.googleapis.com/auth/firebase","https://www.googleapis.com/auth/cloud-platform"]
[debug] [2024-04-13T06:20:20.378Z] > authorizing via signed-in user (krutikpatel0214@gmail.com)
[info] 
     ######## #### ########  ######## ########     ###     ######  ########
     ##        ##  ##     ## ##       ##     ##  ##   ##  ##       ##
     ######    ##  ########  ######   ########  #########  ######  ######
     ##        ##  ##    ##  ##       ##     ## ##     ##       ## ##
     ##       #### ##     ## ######## ########  ##     ##  ######  ########

You're about to initialize a Firebase project in this directory:

  C:\Users\chodv\OneDrive\Desktop\React Project\ecommers-app\ecommerce

[info] 
=== Project Setup
[info] 
[info] First, let's associate this project directory with a Firebase project.
[info] You can create multiple project aliases by running firebase use --add, 
[info] but for now we'll just set up a default project.
[info] 
[debug] [2024-04-13T06:21:48.138Z] > refreshing access token with scopes: []
[debug] [2024-04-13T06:21:48.141Z] >>> [apiv2][query] POST https://www.googleapis.com/oauth2/v3/token [none]
[debug] [2024-04-13T06:21:48.141Z] >>> [apiv2][body] POST https://www.googleapis.com/oauth2/v3/token [omitted]
[debug] [2024-04-13T06:21:48.482Z] <<< [apiv2][status] POST https://www.googleapis.com/oauth2/v3/token 200
[debug] [2024-04-13T06:21:48.482Z] <<< [apiv2][body] POST https://www.googleapis.com/oauth2/v3/token [omitted]
[debug] [2024-04-13T06:21:48.489Z] >>> [apiv2][query] GET https://firebase.googleapis.com/v1beta1/projects pageSize=100
[debug] [2024-04-13T06:21:49.452Z] <<< [apiv2][status] GET https://firebase.googleapis.com/v1beta1/projects 200
[debug] [2024-04-13T06:21:49.453Z] <<< [apiv2][body] GET https://firebase.googleapis.com/v1beta1/projects [omitted]
[info] i  Using project e-commerce-703cb (E-commerce ) 
[info] 
=== Functions Setup
[debug] [2024-04-13T06:22:03.409Z] > command requires scopes: ["email","openid","https://www.googleapis.com/auth/cloudplatformprojects.readonly","https://www.googleapis.com/auth/firebase","https://www.googleapis.com/auth/cloud-platform"]
[debug] [2024-04-13T06:22:03.409Z] > authorizing via signed-in user (krutikpatel0214@gmail.com)
[debug] [2024-04-13T06:22:03.409Z] [iam] checking project e-commerce-703cb for permissions ["firebase.projects.get"]
[debug] [2024-04-13T06:22:03.410Z] >>> [apiv2][query] POST https://cloudresourcemanager.googleapis.com/v1/projects/e-commerce-703cb:testIamPermissions [none]
[debug] [2024-04-13T06:22:03.410Z] >>> [apiv2][(partial)header] POST https://cloudresourcemanager.googleapis.com/v1/projects/e-commerce-703cb:testIamPermissions x-goog-quota-user=projects/e-commerce-703cb
[debug] [2024-04-13T06:22:03.410Z] >>> [apiv2][body] POST https://cloudresourcemanager.googleapis.com/v1/projects/e-commerce-703cb:testIamPermissions {"permissions":["firebase.projects.get"]}
[debug] [2024-04-13T06:22:05.101Z] <<< [apiv2][status] POST https://cloudresourcemanager.googleapis.com/v1/projects/e-commerce-703cb:testIamPermissions 200
[debug] [2024-04-13T06:22:05.102Z] <<< [apiv2][body] POST https://cloudresourcemanager.googleapis.com/v1/projects/e-commerce-703cb:testIamPermissions {"permissions":["firebase.projects.get"]}
[debug] [2024-04-13T06:22:05.102Z] >>> [apiv2][query] GET https://serviceusage.googleapis.com/v1/projects/e-commerce-703cb/services/cloudfunctions.googleapis.com [none]
[debug] [2024-04-13T06:22:05.102Z] >>> [apiv2][(partial)header] GET https://serviceusage.googleapis.com/v1/projects/e-commerce-703cb/services/cloudfunctions.googleapis.com x-goog-quota-user=projects/e-commerce-703cb
[debug] [2024-04-13T06:22:05.104Z] >>> [apiv2][query] GET https://serviceusage.googleapis.com/v1/projects/e-commerce-703cb/services/runtimeconfig.googleapis.com [none]
[debug] [2024-04-13T06:22:05.104Z] >>> [apiv2][(partial)header] GET https://serviceusage.googleapis.com/v1/projects/e-commerce-703cb/services/runtimeconfig.googleapis.com x-goog-quota-user=projects/e-commerce-703cb
[debug] [2024-04-13T06:22:07.085Z] <<< [apiv2][status] GET https://serviceusage.googleapis.com/v1/projects/e-commerce-703cb/services/cloudfunctions.googleapis.com 200
[debug] [2024-04-13T06:22:07.086Z] <<< [apiv2][body] GET https://serviceusage.googleapis.com/v1/projects/e-commerce-703cb/services/cloudfunctions.googleapis.com [omitted]
[debug] [2024-04-13T06:22:07.086Z] >>> [apiv2][query] POST https://serviceusage.googleapis.com/v1/projects/e-commerce-703cb/services/cloudfunctions.googleapis.com:enable [none]
[debug] [2024-04-13T06:22:07.086Z] >>> [apiv2][(partial)header] POST https://serviceusage.googleapis.com/v1/projects/e-commerce-703cb/services/cloudfunctions.googleapis.com:enable x-goog-quota-user=projects/e-commerce-703cb
[debug] [2024-04-13T06:22:07.109Z] <<< [apiv2][status] GET https://serviceusage.googleapis.com/v1/projects/e-commerce-703cb/services/runtimeconfig.googleapis.com 200
[debug] [2024-04-13T06:22:07.109Z] <<< [apiv2][body] GET https://serviceusage.googleapis.com/v1/projects/e-commerce-703cb/services/runtimeconfig.googleapis.com [omitted]
[debug] [2024-04-13T06:22:07.713Z] <<< [apiv2][status] POST https://serviceusage.googleapis.com/v1/projects/e-commerce-703cb/services/cloudfunctions.googleapis.com:enable 200
[debug] [2024-04-13T06:22:07.714Z] <<< [apiv2][body] POST https://serviceusage.googleapis.com/v1/projects/e-commerce-703cb/services/cloudfunctions.googleapis.com:enable [omitted]
[debug] [2024-04-13T06:22:17.715Z] >>> [apiv2][query] GET https://serviceusage.googleapis.com/v1/projects/e-commerce-703cb/services/cloudfunctions.googleapis.com [none]
[debug] [2024-04-13T06:22:17.715Z] >>> [apiv2][(partial)header] GET https://serviceusage.googleapis.com/v1/projects/e-commerce-703cb/services/cloudfunctions.googleapis.com x-goog-quota-user=projects/e-commerce-703cb
[debug] [2024-04-13T06:22:19.718Z] <<< [apiv2][status] GET https://serviceusage.googleapis.com/v1/projects/e-commerce-703cb/services/cloudfunctions.googleapis.com 200
[debug] [2024-04-13T06:22:19.718Z] <<< [apiv2][body] GET https://serviceusage.googleapis.com/v1/projects/e-commerce-703cb/services/cloudfunctions.googleapis.com [omitted]
[info] Let's create a new codebase for your functions.
[info] A directory corresponding to the codebase will be created in your project
[info] with sample code pre-configured.

[info] See https://firebase.google.com/docs/functions/organize-functions for
[info] more information on organizing your functions using codebases.

[info] Functions can be deployed with firebase deploy.

[info] +  Wrote functions/package.json 
[info] +  Wrote functions/index.js 
[info] +  Wrote functions/.gitignore 
